  Using bundled DotNet SDK
  Log file: C:\Users\sinho\AppData\Local\UnrealBuildTool\Log.txt
  Using 'git status' to determine working set for adaptive non-unity build (C:\Projects\Unreal\HyperSlauter_UE5).
  Parsing headers for HyperSlauter_UE5Editor
    Running UnrealHeaderTool "C:\Projects\Unreal\HyperSlauter_UE5\HyperSlauter_UE5\HyperSlauter_UE5.uproject" "C:\Projects\Unreal\HyperSlauter_UE5\HyperSlauter_UE5\Intermediate\Build\Win64\HyperSlauter_UE5Editor\Development\HyperSlauter_UE5Editor.uhtmanifest" -LogCmds="loginit warning, logexit warning, logdatabase error" -Unattended -WarningsAsErrors -abslog="C:\Users\sinho\AppData\Local\UnrealBuildTool\Log_UHT.txt" -installed
  Reflection code generated for HyperSlauter_UE5Editor in 2.5210876 seconds
  Building HyperSlauter_UE5Editor...
  Using Visual Studio 2022 14.32.31332 toolchain (C:\Program Files\Microsoft Visual Studio\2022\Community\VC\Tools\MSVC\14.32.31326) and Windows 10.0.19041.0 SDK (C:\Program Files (x86)\Windows Kits\10).
  Determining max actions to execute in parallel (6 physical cores, 12 logical cores)
    Executing up to 6 processes, one per physical core
    Requested 1.5 GB free memory per action, 7.98 GB available: limiting max parallel actions to 5
  Building 8 actions with 5 processes...
  [1/8] Compile HS_AnimInstance.cpp
  [2/8] Compile HS_Player.gen.cpp
  [3/8] Compile HyperSlauter_UE5GameModeBase.cpp
  [4/8] Compile HS_Controller.cpp
  [5/8] Compile HS_Player.cpp
  [6/8] Link UnrealEditor-HyperSlauter_UE5-0002.lib
     C:\Projects\Unreal\HyperSlauter_UE5\HyperSlauter_UE5\Intermediate\Build\Win64\UnrealEditor\Development\HyperSlauter_UE5\UnrealEditor-HyperSlauter_UE5-0002.lib 라이브러리 및 C:\Projects\Unreal\HyperSlauter_UE5\HyperSlauter_UE5\Intermediate\Build\Win64\UnrealEditor\Development\HyperSlauter_UE5\UnrealEditor-HyperSlauter_UE5-0002.exp 개체를 생성하고 있습니다.
  [7/8] Link UnrealEditor-HyperSlauter_UE5-0002.dll
     C:\Projects\Unreal\HyperSlauter_UE5\HyperSlauter_UE5\Intermediate\Build\Win64\UnrealEditor\Development\HyperSlauter_UE5\UnrealEditor-HyperSlauter_UE5-0002.suppressed.lib 라이브러리 및 C:\Projects\Unreal\HyperSlauter_UE5\HyperSlauter_UE5\Intermediate\Build\Win64\UnrealEditor\Development\HyperSlauter_UE5\UnrealEditor-HyperSlauter_UE5-0002.suppressed.exp 개체를 생성하고 있습니다.
  [8/8] WriteMetadata HyperSlauter_UE5Editor.target
  Total time in Parallel executor: 3.23 seconds
  Total execution time: 6.79 seconds
